<?xml version="1.0" encoding="UTF-8"?>
<!-- Generated by org.testng.reporters.JUnitReportReporter -->
<testsuite hostname="DESKTOP-D7V1PLT" failures="0" tests="1" name="TestCases.VerifyLoginTestCase" time="6.918" errors="0" timestamp="2022-08-31T06:28:05 IST" skipped="0">
  <testcase classname="TestCases.VerifyLoginTestCase" name="login" time="6.918"/>
  <system-out/>
</testsuite> <!-- TestCases.VerifyLoginTestCase -->
